c:\svn\sidera_vs2017\librerias\librerias_externas\hiredis\bin\x64\debug64\vc141.pdb
c:\svn\sidera_vs2017\librerias\librerias_externas\hiredis\bin\x64\debug64\sockcompat.obj
c:\svn\sidera_vs2017\librerias\librerias_externas\hiredis\bin\x64\debug64\sds.obj
c:\svn\sidera_vs2017\librerias\librerias_externas\hiredis\bin\x64\debug64\read.obj
c:\svn\sidera_vs2017\librerias\librerias_externas\hiredis\bin\x64\debug64\net.obj
c:\svn\sidera_vs2017\librerias\librerias_externas\hiredis\bin\x64\debug64\hiredis.obj
c:\svn\sidera_vs2017\librerias\librerias_externas\hiredis\bin\x64\debug64\dict.obj
c:\svn\sidera_vs2017\librerias\librerias_externas\hiredis\bin\x64\debug64\async.obj
c:\svn\sidera_vs2017\librerias\librerias_externas\hiredis\bin\x64\debug64\alloc.obj
c:\svn\sidera_vs2017\librerias\librerias_externas\hiredis\bin\cmakefiles\generate.stamp
c:\svn\sidera_vs2017\librerias\librerias_externas\hiredis\bin\x64\debug\hiredis64_d.lib
c:\svn\sidera_vs2017\librerias\librerias_externas\hiredis\bin\x64\debug\hiredis64_d.exp
c:\svn\sidera_vs2017\librerias\librerias_externas\hiredis\bin\x64\debug\hiredis64_d.ilk
c:\svn\sidera_vs2017\librerias\librerias_externas\hiredis\bin\x64\debug\hiredis64_d.dll
c:\svn\sidera_vs2017\librerias\librerias_externas\hiredis\bin\debug\hiredis64_d.pdb
c:\svn\sidera_vs2017\librerias\librerias_externas\hiredis\bin\x64\debug64\hiredis.tlog\cl.command.1.tlog
c:\svn\sidera_vs2017\librerias\librerias_externas\hiredis\bin\x64\debug64\hiredis.tlog\cl.read.1.tlog
c:\svn\sidera_vs2017\librerias\librerias_externas\hiredis\bin\x64\debug64\hiredis.tlog\cl.write.1.tlog
c:\svn\sidera_vs2017\librerias\librerias_externas\hiredis\bin\x64\debug64\hiredis.tlog\custombuild.command.1.tlog
c:\svn\sidera_vs2017\librerias\librerias_externas\hiredis\bin\x64\debug64\hiredis.tlog\custombuild.read.1.tlog
c:\svn\sidera_vs2017\librerias\librerias_externas\hiredis\bin\x64\debug64\hiredis.tlog\custombuild.write.1.tlog
c:\svn\sidera_vs2017\librerias\librerias_externas\hiredis\bin\x64\debug64\hiredis.tlog\hiredis.write.1u.tlog
c:\svn\sidera_vs2017\librerias\librerias_externas\hiredis\bin\x64\debug64\hiredis.tlog\link.command.1.tlog
c:\svn\sidera_vs2017\librerias\librerias_externas\hiredis\bin\x64\debug64\hiredis.tlog\link.read.1.tlog
c:\svn\sidera_vs2017\librerias\librerias_externas\hiredis\bin\x64\debug64\hiredis.tlog\link.write.1.tlog
