c:\svn\sidera_vs2017\librerias\librerias_externas\hiredis\bin\win32\debug\vc141.pdb
c:\svn\sidera_vs2017\librerias\librerias_externas\hiredis\bin\win32\debug\sockcompat.obj
c:\svn\sidera_vs2017\librerias\librerias_externas\hiredis\bin\win32\debug\sds.obj
c:\svn\sidera_vs2017\librerias\librerias_externas\hiredis\bin\win32\debug\read.obj
c:\svn\sidera_vs2017\librerias\librerias_externas\hiredis\bin\win32\debug\net.obj
c:\svn\sidera_vs2017\librerias\librerias_externas\hiredis\bin\win32\debug\hiredis.obj
c:\svn\sidera_vs2017\librerias\librerias_externas\hiredis\bin\win32\debug\dict.obj
c:\svn\sidera_vs2017\librerias\librerias_externas\hiredis\bin\win32\debug\async.obj
c:\svn\sidera_vs2017\librerias\librerias_externas\hiredis\bin\win32\debug\alloc.obj
c:\svn\sidera_vs2017\librerias\librerias_externas\hiredis\bin\cmakefiles\generate.stamp
c:\svn\sidera_vs2017\librerias\librerias_externas\hiredis\bin\win32\debug\hiredis_d.lib
c:\svn\sidera_vs2017\librerias\librerias_externas\hiredis\bin\win32\debug\hiredis_d.exp
c:\svn\sidera_vs2017\librerias\librerias_externas\hiredis\bin\win32\debug\hiredis_d.ilk
c:\svn\sidera_vs2017\librerias\librerias_externas\hiredis\bin\win32\debug\hiredis_d.dll
c:\svn\sidera_vs2017\librerias\librerias_externas\hiredis\bin\debug\hiredis_d.pdb
c:\svn\sidera_vs2017\librerias\librerias_externas\hiredis\bin\win32\debug\hiredis.tlog\cl.command.1.tlog
c:\svn\sidera_vs2017\librerias\librerias_externas\hiredis\bin\win32\debug\hiredis.tlog\cl.read.1.tlog
c:\svn\sidera_vs2017\librerias\librerias_externas\hiredis\bin\win32\debug\hiredis.tlog\cl.write.1.tlog
c:\svn\sidera_vs2017\librerias\librerias_externas\hiredis\bin\win32\debug\hiredis.tlog\custombuild.command.1.tlog
c:\svn\sidera_vs2017\librerias\librerias_externas\hiredis\bin\win32\debug\hiredis.tlog\custombuild.read.1.tlog
c:\svn\sidera_vs2017\librerias\librerias_externas\hiredis\bin\win32\debug\hiredis.tlog\custombuild.write.1.tlog
c:\svn\sidera_vs2017\librerias\librerias_externas\hiredis\bin\win32\debug\hiredis.tlog\hiredis.write.1u.tlog
c:\svn\sidera_vs2017\librerias\librerias_externas\hiredis\bin\win32\debug\hiredis.tlog\link.command.1.tlog
c:\svn\sidera_vs2017\librerias\librerias_externas\hiredis\bin\win32\debug\hiredis.tlog\link.read.1.tlog
c:\svn\sidera_vs2017\librerias\librerias_externas\hiredis\bin\win32\debug\hiredis.tlog\link.write.1.tlog
