  Building Custom Rule C:/SVN/SIDERA_VS2017/Librerias/Librerias_Externas/hiredis/CMakeLists.txt
  alloc.c
c:\svn\sidera_vs2017\librerias\librerias_externas\hiredis\alloc.c(36): warning C4232: nonstandard extension used: 'mallocFn': address of dllimport 'malloc' is not static, identity not guaranteed
  c:\program files (x86)\windows kits\10\include\10.0.19041.0\ucrt\corecrt_malloc.h(101): note: see declaration of 'malloc'
c:\svn\sidera_vs2017\librerias\librerias_externas\hiredis\alloc.c(36): warning C4232: nonstandard extension used: 'callocFn': address of dllimport 'calloc' is not static, identity not guaranteed
  c:\program files (x86)\windows kits\10\include\10.0.19041.0\ucrt\corecrt_malloc.h(66): note: see declaration of 'calloc'
c:\svn\sidera_vs2017\librerias\librerias_externas\hiredis\alloc.c(36): warning C4232: nonstandard extension used: 'reallocFn': address of dllimport 'realloc' is not static, identity not guaranteed
  c:\program files (x86)\windows kits\10\include\10.0.19041.0\ucrt\corecrt_malloc.h(126): note: see declaration of 'realloc'
c:\svn\sidera_vs2017\librerias\librerias_externas\hiredis\alloc.c(36): warning C4232: nonstandard extension used: 'strdupFn': address of dllimport 'strdup' is not static, identity not guaranteed
  c:\program files (x86)\windows kits\10\include\10.0.19041.0\ucrt\string.h(532): note: see declaration of 'strdup'
c:\svn\sidera_vs2017\librerias\librerias_externas\hiredis\alloc.c(36): warning C4232: nonstandard extension used: 'freeFn': address of dllimport 'free' is not static, identity not guaranteed
  c:\program files (x86)\windows kits\10\include\10.0.19041.0\ucrt\corecrt_malloc.h(89): note: see declaration of 'free'
  async.c
c:\svn\sidera_vs2017\librerias\librerias_externas\hiredis\sds.h(53): warning C4200: nonstandard extension used: zero-sized array in struct/union
c:\svn\sidera_vs2017\librerias\librerias_externas\hiredis\sds.h(59): warning C4200: nonstandard extension used: zero-sized array in struct/union
c:\svn\sidera_vs2017\librerias\librerias_externas\hiredis\sds.h(65): warning C4200: nonstandard extension used: zero-sized array in struct/union
c:\svn\sidera_vs2017\librerias\librerias_externas\hiredis\sds.h(71): warning C4200: nonstandard extension used: zero-sized array in struct/union
c:\svn\sidera_vs2017\librerias\librerias_externas\hiredis\sds.h(77): warning C4200: nonstandard extension used: zero-sized array in struct/union
c:\svn\sidera_vs2017\librerias\librerias_externas\hiredis\async.c(62): warning C4267: 'function': conversion from 'size_t' to 'int', possible loss of data
c:\svn\sidera_vs2017\librerias\librerias_externas\hiredis\async.c(81): warning C4267: '=': conversion from 'size_t' to 'int', possible loss of data
c:\svn\sidera_vs2017\librerias\librerias_externas\hiredis\async.c(82): warning C4267: '=': conversion from 'size_t' to 'int', possible loss of data
c:\svn\sidera_vs2017\librerias\librerias_externas\hiredis\async.c(470): warning C4456: declaration of 'cb' hides previous local declaration
  c:\svn\sidera_vs2017\librerias\librerias_externas\hiredis\async.c(415): note: see declaration of 'cb'
  dict.c
  hiredis.c
c:\svn\sidera_vs2017\librerias\librerias_externas\hiredis\sds.h(53): warning C4200: nonstandard extension used: zero-sized array in struct/union
c:\svn\sidera_vs2017\librerias\librerias_externas\hiredis\sds.h(59): warning C4200: nonstandard extension used: zero-sized array in struct/union
c:\svn\sidera_vs2017\librerias\librerias_externas\hiredis\sds.h(65): warning C4200: nonstandard extension used: zero-sized array in struct/union
c:\svn\sidera_vs2017\librerias\librerias_externas\hiredis\sds.h(71): warning C4200: nonstandard extension used: zero-sized array in struct/union
c:\svn\sidera_vs2017\librerias\librerias_externas\hiredis\sds.h(77): warning C4200: nonstandard extension used: zero-sized array in struct/union
c:\svn\sidera_vs2017\librerias\librerias_externas\hiredis\hiredis.c(341): warning C4267: '+=': conversion from 'size_t' to 'int', possible loss of data
c:\svn\sidera_vs2017\librerias\librerias_externas\hiredis\hiredis.c(490): warning C4267: '+=': conversion from 'size_t' to 'int', possible loss of data
c:\svn\sidera_vs2017\librerias\librerias_externas\hiredis\hiredis.c(509): warning C4267: '+=': conversion from 'size_t' to 'int', possible loss of data
  net.c
c:\svn\sidera_vs2017\librerias\librerias_externas\hiredis\sds.h(53): warning C4200: nonstandard extension used: zero-sized array in struct/union
c:\svn\sidera_vs2017\librerias\librerias_externas\hiredis\sds.h(59): warning C4200: nonstandard extension used: zero-sized array in struct/union
c:\svn\sidera_vs2017\librerias\librerias_externas\hiredis\sds.h(65): warning C4200: nonstandard extension used: zero-sized array in struct/union
c:\svn\sidera_vs2017\librerias\librerias_externas\hiredis\sds.h(71): warning C4200: nonstandard extension used: zero-sized array in struct/union
c:\svn\sidera_vs2017\librerias\librerias_externas\hiredis\sds.h(77): warning C4200: nonstandard extension used: zero-sized array in struct/union
c:\svn\sidera_vs2017\librerias\librerias_externas\hiredis\net.c(275): warning C4267: 'function': conversion from 'size_t' to 'socklen_t', possible loss of data
c:\svn\sidera_vs2017\librerias\librerias_externas\hiredis\net.c(336): warning C4267: 'function': conversion from 'size_t' to 'socklen_t', possible loss of data
c:\svn\sidera_vs2017\librerias\librerias_externas\hiredis\net.c(340): warning C4267: 'function': conversion from 'size_t' to 'socklen_t', possible loss of data
c:\svn\sidera_vs2017\librerias\librerias_externas\hiredis\net.c(476): warning C4267: 'function': conversion from 'size_t' to 'socklen_t', possible loss of data
c:\svn\sidera_vs2017\librerias\librerias_externas\hiredis\net.c(499): warning C4267: 'function': conversion from 'size_t' to 'socklen_t', possible loss of data
  read.c
c:\svn\sidera_vs2017\librerias\librerias_externas\hiredis\sds.h(53): warning C4200: nonstandard extension used: zero-sized array in struct/union
c:\svn\sidera_vs2017\librerias\librerias_externas\hiredis\sds.h(59): warning C4200: nonstandard extension used: zero-sized array in struct/union
c:\svn\sidera_vs2017\librerias\librerias_externas\hiredis\sds.h(65): warning C4200: nonstandard extension used: zero-sized array in struct/union
c:\svn\sidera_vs2017\librerias\librerias_externas\hiredis\sds.h(71): warning C4200: nonstandard extension used: zero-sized array in struct/union
c:\svn\sidera_vs2017\librerias\librerias_externas\hiredis\sds.h(77): warning C4200: nonstandard extension used: zero-sized array in struct/union
c:\svn\sidera_vs2017\librerias\librerias_externas\hiredis\read.c(216): warning C4146: unary minus operator applied to unsigned type, result still unsigned
c:\svn\sidera_vs2017\librerias\librerias_externas\hiredis\read.c(232): warning C4267: '=': conversion from 'size_t' to 'int', possible loss of data
c:\svn\sidera_vs2017\librerias\librerias_externas\hiredis\read.c(406): warning C4267: '=': conversion from 'size_t' to 'unsigned long', possible loss of data
  sds.c
c:\svn\sidera_vs2017\librerias\librerias_externas\hiredis\sds.h(53): warning C4200: nonstandard extension used: zero-sized array in struct/union
c:\svn\sidera_vs2017\librerias\librerias_externas\hiredis\sds.h(59): warning C4200: nonstandard extension used: zero-sized array in struct/union
c:\svn\sidera_vs2017\librerias\librerias_externas\hiredis\sds.h(65): warning C4200: nonstandard extension used: zero-sized array in struct/union
c:\svn\sidera_vs2017\librerias\librerias_externas\hiredis\sds.h(71): warning C4200: nonstandard extension used: zero-sized array in struct/union
c:\svn\sidera_vs2017\librerias\librerias_externas\hiredis\sds.h(77): warning C4200: nonstandard extension used: zero-sized array in struct/union
c:\svn\sidera_vs2017\librerias\librerias_externas\hiredis\sds.c(102): warning C4267: '=': conversion from 'size_t' to 'unsigned char', possible loss of data
c:\svn\sidera_vs2017\librerias\librerias_externas\hiredis\sds.c(106): warning C4456: declaration of 'sh' hides previous local declaration
  c:\svn\sidera_vs2017\librerias\librerias_externas\hiredis\sds.c(84): note: see declaration of 'sh'
c:\svn\sidera_vs2017\librerias\librerias_externas\hiredis\sds.c(107): warning C4267: '=': conversion from 'size_t' to 'uint8_t', possible loss of data
c:\svn\sidera_vs2017\librerias\librerias_externas\hiredis\sds.c(108): warning C4267: '=': conversion from 'size_t' to 'uint8_t', possible loss of data
c:\svn\sidera_vs2017\librerias\librerias_externas\hiredis\sds.c(113): warning C4456: declaration of 'sh' hides previous local declaration
  c:\svn\sidera_vs2017\librerias\librerias_externas\hiredis\sds.c(84): note: see declaration of 'sh'
c:\svn\sidera_vs2017\librerias\librerias_externas\hiredis\sds.c(114): warning C4267: '=': conversion from 'size_t' to 'uint16_t', possible loss of data
c:\svn\sidera_vs2017\librerias\librerias_externas\hiredis\sds.c(115): warning C4267: '=': conversion from 'size_t' to 'uint16_t', possible loss of data
c:\svn\sidera_vs2017\librerias\librerias_externas\hiredis\sds.c(120): warning C4456: declaration of 'sh' hides previous local declaration
  c:\svn\sidera_vs2017\librerias\librerias_externas\hiredis\sds.c(84): note: see declaration of 'sh'
c:\svn\sidera_vs2017\librerias\librerias_externas\hiredis\sds.c(121): warning C4267: '=': conversion from 'size_t' to 'uint32_t', possible loss of data
c:\svn\sidera_vs2017\librerias\librerias_externas\hiredis\sds.c(122): warning C4267: '=': conversion from 'size_t' to 'uint32_t', possible loss of data
c:\svn\sidera_vs2017\librerias\librerias_externas\hiredis\sds.c(127): warning C4456: declaration of 'sh' hides previous local declaration
  c:\svn\sidera_vs2017\librerias\librerias_externas\hiredis\sds.c(84): note: see declaration of 'sh'
c:\svn\sidera_vs2017\librerias\librerias_externas\hiredis\sds.c(462): warning C4267: 'return': conversion from 'size_t' to 'int', possible loss of data
c:\svn\sidera_vs2017\librerias\librerias_externas\hiredis\sds.c(491): warning C4267: 'return': conversion from 'size_t' to 'int', possible loss of data
c:\svn\sidera_vs2017\librerias\librerias_externas\hiredis\sds.c(590): warning C4267: '=': conversion from 'size_t' to 'long', possible loss of data
c:\svn\sidera_vs2017\librerias\librerias_externas\hiredis\sds.c(618): warning C4267: '+=': conversion from 'size_t' to 'long', possible loss of data
c:\svn\sidera_vs2017\librerias\librerias_externas\hiredis\sds.c(635): warning C4267: '+=': conversion from 'size_t' to 'long', possible loss of data
c:\svn\sidera_vs2017\librerias\librerias_externas\hiredis\sds.c(653): warning C4267: '+=': conversion from 'size_t' to 'long', possible loss of data
c:\svn\sidera_vs2017\librerias\librerias_externas\hiredis\sds.c(792): warning C4267: 'return': conversion from 'size_t' to 'int', possible loss of data
  sockcompat.c
  Generating Code...
  Auto build dll exports
x64\Debug\alloc.obj : fatal error LNK1112: module machine type 'x64' conflicts with target machine type 'x86'
