c:\svn\sidera_vs2017\librerias\librerias_externas\hiredis\bin\hiredis.dir\debug\vc141.pdb
c:\svn\sidera_vs2017\librerias\librerias_externas\hiredis\bin\hiredis.dir\debug\sockcompat.obj
c:\svn\sidera_vs2017\librerias\librerias_externas\hiredis\bin\hiredis.dir\debug\sds.obj
c:\svn\sidera_vs2017\librerias\librerias_externas\hiredis\bin\hiredis.dir\debug\read.obj
c:\svn\sidera_vs2017\librerias\librerias_externas\hiredis\bin\hiredis.dir\debug\net.obj
c:\svn\sidera_vs2017\librerias\librerias_externas\hiredis\bin\hiredis.dir\debug\hiredis.obj
c:\svn\sidera_vs2017\librerias\librerias_externas\hiredis\bin\hiredis.dir\debug\dict.obj
c:\svn\sidera_vs2017\librerias\librerias_externas\hiredis\bin\hiredis.dir\debug\async.obj
c:\svn\sidera_vs2017\librerias\librerias_externas\hiredis\bin\hiredis.dir\debug\alloc.obj
c:\svn\sidera_vs2017\librerias\librerias_externas\hiredis\bin\cmakefiles\generate.stamp
c:\svn\sidera_vs2017\librerias\librerias_externas\hiredis\bin\debug\hiredisd.lib
c:\svn\sidera_vs2017\librerias\librerias_externas\hiredis\bin\debug\hiredisd.exp
c:\svn\sidera_vs2017\librerias\librerias_externas\hiredis\bin\debug\hiredisd.ilk
c:\svn\sidera_vs2017\librerias\librerias_externas\hiredis\bin\debug\hiredisd.dll
c:\svn\sidera_vs2017\librerias\librerias_externas\hiredis\bin\debug\hiredisd.pdb
c:\svn\sidera_vs2017\librerias\librerias_externas\hiredis\bin\hiredis.dir\debug\hiredis.tlog\cl.command.1.tlog
c:\svn\sidera_vs2017\librerias\librerias_externas\hiredis\bin\hiredis.dir\debug\hiredis.tlog\cl.read.1.tlog
c:\svn\sidera_vs2017\librerias\librerias_externas\hiredis\bin\hiredis.dir\debug\hiredis.tlog\cl.write.1.tlog
c:\svn\sidera_vs2017\librerias\librerias_externas\hiredis\bin\hiredis.dir\debug\hiredis.tlog\custombuild.command.1.tlog
c:\svn\sidera_vs2017\librerias\librerias_externas\hiredis\bin\hiredis.dir\debug\hiredis.tlog\custombuild.read.1.tlog
c:\svn\sidera_vs2017\librerias\librerias_externas\hiredis\bin\hiredis.dir\debug\hiredis.tlog\custombuild.write.1.tlog
c:\svn\sidera_vs2017\librerias\librerias_externas\hiredis\bin\hiredis.dir\debug\hiredis.tlog\hiredis.write.1u.tlog
c:\svn\sidera_vs2017\librerias\librerias_externas\hiredis\bin\hiredis.dir\debug\hiredis.tlog\link.command.1.tlog
c:\svn\sidera_vs2017\librerias\librerias_externas\hiredis\bin\hiredis.dir\debug\hiredis.tlog\link.read.1.tlog
c:\svn\sidera_vs2017\librerias\librerias_externas\hiredis\bin\hiredis.dir\debug\hiredis.tlog\link.write.1.tlog
