  Building Custom Rule C:/SVN/SIDERA_VS2017/Librerias/Librerias_Externas/hiredis/CMakeLists.txt
  alloc.c
C:\SVN\SIDERA_VS2017\Librerias\Librerias_Externas\hiredis\alloc.c(40): warning C4996: 'strdup': The POSIX name for this item is deprecated. Instead, use the ISO C and C++ conformant name: _strdup. See online help for details.
  C:\Program Files (x86)\Windows Kits\10\Include\10.0.19041.0\ucrt\string.h(532): note: see declaration of 'strdup'
C:\SVN\SIDERA_VS2017\Librerias\Librerias_Externas\hiredis\alloc.c(59): warning C4996: 'strdup': The POSIX name for this item is deprecated. Instead, use the ISO C and C++ conformant name: _strdup. See online help for details.
  C:\Program Files (x86)\Windows Kits\10\Include\10.0.19041.0\ucrt\string.h(532): note: see declaration of 'strdup'
  async.c
c:\svn\sidera_vs2017\librerias\librerias_externas\hiredis\sds.h(103): warning C4244: 'return': conversion from 'uint64_t' to 'size_t', possible loss of data
c:\svn\sidera_vs2017\librerias\librerias_externas\hiredis\sds.h(128): warning C4244: 'return': conversion from 'uint64_t' to 'size_t', possible loss of data
c:\svn\sidera_vs2017\librerias\librerias_externas\hiredis\sds.h(196): warning C4244: 'return': conversion from 'uint64_t' to 'size_t', possible loss of data
C:\SVN\SIDERA_VS2017\Librerias\Librerias_Externas\hiredis\async.c(447): warning C4996: 'stricmp': The POSIX name for this item is deprecated. Instead, use the ISO C and C++ conformant name: _stricmp. See online help for details.
  C:\Program Files (x86)\Windows Kits\10\Include\10.0.19041.0\ucrt\string.h(545): note: see declaration of 'stricmp'
C:\SVN\SIDERA_VS2017\Librerias\Librerias_Externas\hiredis\async.c(451): warning C4996: 'stricmp': The POSIX name for this item is deprecated. Instead, use the ISO C and C++ conformant name: _stricmp. See online help for details.
  C:\Program Files (x86)\Windows Kits\10\Include\10.0.19041.0\ucrt\string.h(545): note: see declaration of 'stricmp'
C:\SVN\SIDERA_VS2017\Librerias\Librerias_Externas\hiredis\async.c(506): warning C4996: 'strnicmp': The POSIX name for this item is deprecated. Instead, use the ISO C and C++ conformant name: _strnicmp. See online help for details.
  C:\Program Files (x86)\Windows Kits\10\Include\10.0.19041.0\ucrt\string.h(556): note: see declaration of 'strnicmp'
C:\SVN\SIDERA_VS2017\Librerias\Librerias_Externas\hiredis\async.c(507): warning C4996: 'strnicmp': The POSIX name for this item is deprecated. Instead, use the ISO C and C++ conformant name: _strnicmp. See online help for details.
  C:\Program Files (x86)\Windows Kits\10\Include\10.0.19041.0\ucrt\string.h(556): note: see declaration of 'strnicmp'
C:\SVN\SIDERA_VS2017\Librerias\Librerias_Externas\hiredis\async.c(508): warning C4996: 'strnicmp': The POSIX name for this item is deprecated. Instead, use the ISO C and C++ conformant name: _strnicmp. See online help for details.
  C:\Program Files (x86)\Windows Kits\10\Include\10.0.19041.0\ucrt\string.h(556): note: see declaration of 'strnicmp'
C:\SVN\SIDERA_VS2017\Librerias\Librerias_Externas\hiredis\async.c(789): warning C4996: 'strnicmp': The POSIX name for this item is deprecated. Instead, use the ISO C and C++ conformant name: _strnicmp. See online help for details.
  C:\Program Files (x86)\Windows Kits\10\Include\10.0.19041.0\ucrt\string.h(556): note: see declaration of 'strnicmp'
C:\SVN\SIDERA_VS2017\Librerias\Librerias_Externas\hiredis\async.c(814): warning C4996: 'strnicmp': The POSIX name for this item is deprecated. Instead, use the ISO C and C++ conformant name: _strnicmp. See online help for details.
  C:\Program Files (x86)\Windows Kits\10\Include\10.0.19041.0\ucrt\string.h(556): note: see declaration of 'strnicmp'
C:\SVN\SIDERA_VS2017\Librerias\Librerias_Externas\hiredis\async.c(867): warning C4996: 'strnicmp': The POSIX name for this item is deprecated. Instead, use the ISO C and C++ conformant name: _strnicmp. See online help for details.
  C:\Program Files (x86)\Windows Kits\10\Include\10.0.19041.0\ucrt\string.h(556): note: see declaration of 'strnicmp'
C:\SVN\SIDERA_VS2017\Librerias\Librerias_Externas\hiredis\async.c(925): warning C4244: 'function': conversion from '__int64' to 'size_t', possible loss of data
  dict.c
  hiredis.c
c:\svn\sidera_vs2017\librerias\librerias_externas\hiredis\sds.h(103): warning C4244: 'return': conversion from 'uint64_t' to 'size_t', possible loss of data
c:\svn\sidera_vs2017\librerias\librerias_externas\hiredis\sds.h(128): warning C4244: 'return': conversion from 'uint64_t' to 'size_t', possible loss of data
c:\svn\sidera_vs2017\librerias\librerias_externas\hiredis\sds.h(196): warning C4244: 'return': conversion from 'uint64_t' to 'size_t', possible loss of data
C:\SVN\SIDERA_VS2017\Librerias\Librerias_Externas\hiredis\hiredis.c(590): warning C4244: 'function': conversion from 'unsigned __int64' to 'size_t', possible loss of data
C:\SVN\SIDERA_VS2017\Librerias\Librerias_Externas\hiredis\hiredis.c(599): warning C4244: 'function': conversion from 'unsigned __int64' to 'size_t', possible loss of data
C:\SVN\SIDERA_VS2017\Librerias\Librerias_Externas\hiredis\hiredis.c(612): warning C4244: 'function': conversion from 'unsigned __int64' to 'size_t', possible loss of data
C:\SVN\SIDERA_VS2017\Librerias\Librerias_Externas\hiredis\hiredis.c(950): warning C4244: '=': conversion from 'ssize_t' to 'int', possible loss of data
C:\SVN\SIDERA_VS2017\Librerias\Librerias_Externas\hiredis\hiredis.c(1139): warning C4244: 'function': conversion from '__int64' to 'size_t', possible loss of data
  net.c
c:\svn\sidera_vs2017\librerias\librerias_externas\hiredis\sds.h(103): warning C4244: 'return': conversion from 'uint64_t' to 'size_t', possible loss of data
c:\svn\sidera_vs2017\librerias\librerias_externas\hiredis\sds.h(128): warning C4244: 'return': conversion from 'uint64_t' to 'size_t', possible loss of data
c:\svn\sidera_vs2017\librerias\librerias_externas\hiredis\sds.h(196): warning C4244: 'return': conversion from 'uint64_t' to 'size_t', possible loss of data
C:\SVN\SIDERA_VS2017\Librerias\Librerias_Externas\hiredis\net.c(625): warning C4102: 'oom': unreferenced label
  read.c
c:\svn\sidera_vs2017\librerias\librerias_externas\hiredis\sds.h(103): warning C4244: 'return': conversion from 'uint64_t' to 'size_t', possible loss of data
c:\svn\sidera_vs2017\librerias\librerias_externas\hiredis\sds.h(128): warning C4244: 'return': conversion from 'uint64_t' to 'size_t', possible loss of data
c:\svn\sidera_vs2017\librerias\librerias_externas\hiredis\sds.h(196): warning C4244: 'return': conversion from 'uint64_t' to 'size_t', possible loss of data
C:\SVN\SIDERA_VS2017\Librerias\Librerias_Externas\hiredis\read.c(216): warning C4146: unary minus operator applied to unsigned type, result still unsigned
C:\SVN\SIDERA_VS2017\Librerias\Librerias_Externas\hiredis\read.c(302): warning C4996: 'stricmp': The POSIX name for this item is deprecated. Instead, use the ISO C and C++ conformant name: _stricmp. See online help for details.
  C:\Program Files (x86)\Windows Kits\10\Include\10.0.19041.0\ucrt\string.h(545): note: see declaration of 'stricmp'
C:\SVN\SIDERA_VS2017\Librerias\Librerias_Externas\hiredis\read.c(304): warning C4996: 'stricmp': The POSIX name for this item is deprecated. Instead, use the ISO C and C++ conformant name: _stricmp. See online help for details.
  C:\Program Files (x86)\Windows Kits\10\Include\10.0.19041.0\ucrt\string.h(545): note: see declaration of 'stricmp'
C:\SVN\SIDERA_VS2017\Librerias\Librerias_Externas\hiredis\read.c(429): warning C4244: '+=': conversion from '__int64' to 'unsigned long', possible loss of data
C:\SVN\SIDERA_VS2017\Librerias\Librerias_Externas\hiredis\read.c(440): warning C4244: 'function': conversion from '__int64' to 'size_t', possible loss of data
C:\SVN\SIDERA_VS2017\Librerias\Librerias_Externas\hiredis\read.c(537): warning C4244: 'function': conversion from '__int64' to 'size_t', possible loss of data
  sds.c
c:\svn\sidera_vs2017\librerias\librerias_externas\hiredis\sds.h(103): warning C4244: 'return': conversion from 'uint64_t' to 'size_t', possible loss of data
c:\svn\sidera_vs2017\librerias\librerias_externas\hiredis\sds.h(128): warning C4244: 'return': conversion from 'uint64_t' to 'size_t', possible loss of data
c:\svn\sidera_vs2017\librerias\librerias_externas\hiredis\sds.h(196): warning C4244: 'return': conversion from 'uint64_t' to 'size_t', possible loss of data
C:\SVN\SIDERA_VS2017\Librerias\Librerias_Externas\hiredis\sds.c(102): warning C4267: '=': conversion from 'size_t' to 'unsigned char', possible loss of data
C:\SVN\SIDERA_VS2017\Librerias\Librerias_Externas\hiredis\sds.c(107): warning C4267: '=': conversion from 'size_t' to 'uint8_t', possible loss of data
C:\SVN\SIDERA_VS2017\Librerias\Librerias_Externas\hiredis\sds.c(108): warning C4267: '=': conversion from 'size_t' to 'uint8_t', possible loss of data
C:\SVN\SIDERA_VS2017\Librerias\Librerias_Externas\hiredis\sds.c(114): warning C4267: '=': conversion from 'size_t' to 'uint16_t', possible loss of data
C:\SVN\SIDERA_VS2017\Librerias\Librerias_Externas\hiredis\sds.c(115): warning C4267: '=': conversion from 'size_t' to 'uint16_t', possible loss of data
C:\SVN\SIDERA_VS2017\Librerias\Librerias_Externas\hiredis\sds.c(350): warning C4244: '=': conversion from 'uint64_t' to 'size_t', possible loss of data
C:\SVN\SIDERA_VS2017\Librerias\Librerias_Externas\hiredis\sds.c(742): warning C4244: '=': conversion from 'ssize_t' to 'size_t', possible loss of data
C:\SVN\SIDERA_VS2017\Librerias\Librerias_Externas\hiredis\sds.c(748): warning C4244: '=': conversion from 'ssize_t' to 'size_t', possible loss of data
  sockcompat.c
  Generating Code...
  Auto build dll exports
     Creating library C:/SVN/SIDERA_VS2017/Librerias/Librerias_Externas/hiredis/bin/Release/hiredis.lib and object C:/SVN/SIDERA_VS2017/Librerias/Librerias_Externas/hiredis/bin/Release/hiredis.exp
  hiredis.vcxproj -> C:\SVN\SIDERA_VS2017\Librerias\Librerias_Externas\hiredis\bin\Release\hiredis.dll
