c:\svn\sidera_vs2017\librerias\librerias_externas\hiredis\bin\hiredis.dir\release\sockcompat.obj
c:\svn\sidera_vs2017\librerias\librerias_externas\hiredis\bin\hiredis.dir\release\sds.obj
c:\svn\sidera_vs2017\librerias\librerias_externas\hiredis\bin\hiredis.dir\release\read.obj
c:\svn\sidera_vs2017\librerias\librerias_externas\hiredis\bin\hiredis.dir\release\net.obj
c:\svn\sidera_vs2017\librerias\librerias_externas\hiredis\bin\hiredis.dir\release\hiredis.obj
c:\svn\sidera_vs2017\librerias\librerias_externas\hiredis\bin\hiredis.dir\release\dict.obj
c:\svn\sidera_vs2017\librerias\librerias_externas\hiredis\bin\hiredis.dir\release\async.obj
c:\svn\sidera_vs2017\librerias\librerias_externas\hiredis\bin\hiredis.dir\release\alloc.obj
c:\svn\sidera_vs2017\librerias\librerias_externas\hiredis\bin\cmakefiles\generate.stamp
c:\svn\sidera_vs2017\librerias\librerias_externas\hiredis\bin\release\hiredis.lib
c:\svn\sidera_vs2017\librerias\librerias_externas\hiredis\bin\release\hiredis.exp
c:\svn\sidera_vs2017\librerias\librerias_externas\hiredis\bin\release\hiredis.dll
c:\svn\sidera_vs2017\librerias\librerias_externas\hiredis\bin\hiredis.dir\release\hiredis.tlog\cl.command.1.tlog
c:\svn\sidera_vs2017\librerias\librerias_externas\hiredis\bin\hiredis.dir\release\hiredis.tlog\cl.read.1.tlog
c:\svn\sidera_vs2017\librerias\librerias_externas\hiredis\bin\hiredis.dir\release\hiredis.tlog\cl.write.1.tlog
c:\svn\sidera_vs2017\librerias\librerias_externas\hiredis\bin\hiredis.dir\release\hiredis.tlog\custombuild.command.1.tlog
c:\svn\sidera_vs2017\librerias\librerias_externas\hiredis\bin\hiredis.dir\release\hiredis.tlog\custombuild.read.1.tlog
c:\svn\sidera_vs2017\librerias\librerias_externas\hiredis\bin\hiredis.dir\release\hiredis.tlog\custombuild.write.1.tlog
c:\svn\sidera_vs2017\librerias\librerias_externas\hiredis\bin\hiredis.dir\release\hiredis.tlog\hiredis.write.1u.tlog
c:\svn\sidera_vs2017\librerias\librerias_externas\hiredis\bin\hiredis.dir\release\hiredis.tlog\link.command.1.tlog
c:\svn\sidera_vs2017\librerias\librerias_externas\hiredis\bin\hiredis.dir\release\hiredis.tlog\link.read.1.tlog
c:\svn\sidera_vs2017\librerias\librerias_externas\hiredis\bin\hiredis.dir\release\hiredis.tlog\link.write.1.tlog
